{"D:\\TD_Backend_nodejs\\src\\app.js":{"path":"D:\\TD_Backend_nodejs\\src\\app.js","statementMap":{"0":{"start":{"line":2,"column":16},"end":{"line":2,"column":34}},"1":{"start":{"line":3,"column":22},"end":{"line":3,"column":49}},"2":{"start":{"line":4,"column":22},"end":{"line":4,"column":49}},"3":{"start":{"line":6,"column":12},"end":{"line":6,"column":21}},"4":{"start":{"line":7,"column":0},"end":{"line":7,"column":24}},"5":{"start":{"line":9,"column":0},"end":{"line":9,"column":39}},"6":{"start":{"line":10,"column":0},"end":{"line":10,"column":39}},"7":{"start":{"line":11,"column":0},"end":{"line":11,"column":61}},"8":{"start":{"line":11,"column":33},"end":{"line":11,"column":59}},"9":{"start":{"line":13,"column":0},"end":{"line":16,"column":1}},"10":{"start":{"line":14,"column":15},"end":{"line":14,"column":39}},"11":{"start":{"line":15,"column":2},"end":{"line":15,"column":96}},"12":{"start":{"line":15,"column":25},"end":{"line":15,"column":94}},"13":{"start":{"line":17,"column":0},"end":{"line":17,"column":21}}},"fnMap":{"0":{"name":"(anonymous_0)","decl":{"start":{"line":11,"column":19},"end":{"line":11,"column":20}},"loc":{"start":{"line":11,"column":33},"end":{"line":11,"column":59}},"line":11},"1":{"name":"(anonymous_1)","decl":{"start":{"line":15,"column":19},"end":{"line":15,"column":20}},"loc":{"start":{"line":15,"column":25},"end":{"line":15,"column":94}},"line":15}},"branchMap":{"0":{"loc":{"start":{"line":13,"column":0},"end":{"line":16,"column":1}},"type":"if","locations":[{"start":{"line":13,"column":0},"end":{"line":16,"column":1}},{"start":{},"end":{}}],"line":13},"1":{"loc":{"start":{"line":14,"column":15},"end":{"line":14,"column":39}},"type":"binary-expr","locations":[{"start":{"line":14,"column":15},"end":{"line":14,"column":31}},{"start":{"line":14,"column":35},"end":{"line":14,"column":39}}],"line":14}},"s":{"0":1,"1":1,"2":1,"3":1,"4":1,"5":1,"6":1,"7":1,"8":1,"9":1,"10":0,"11":0,"12":0,"13":1},"f":{"0":1,"1":0},"b":{"0":[0,1],"1":[0,0]},"_coverageSchema":"1a1c01bbd47fc00a2c39e90264f33305004495a9","hash":"5f1cb609fd50f8c19320598f9a76925f80ad87c9","contentHash":"17546e4de884dc4e0fedd1838e683892a95c216bccab9ead91b65c834922f0c1"},"D:\\TD_Backend_nodejs\\src\\routes\\widgets.js":{"path":"D:\\TD_Backend_nodejs\\src\\routes\\widgets.js","statementMap":{"0":{"start":{"line":2,"column":16},"end":{"line":2,"column":34}},"1":{"start":{"line":3,"column":49},"end":{"line":3,"column":75}},"2":{"start":{"line":5,"column":15},"end":{"line":5,"column":31}},"3":{"start":{"line":7,"column":0},"end":{"line":9,"column":3}},"4":{"start":{"line":8,"column":2},"end":{"line":8,"column":39}},"5":{"start":{"line":11,"column":0},"end":{"line":15,"column":3}},"6":{"start":{"line":12,"column":17},"end":{"line":12,"column":49}},"7":{"start":{"line":13,"column":2},"end":{"line":13,"column":74}},"8":{"start":{"line":13,"column":15},"end":{"line":13,"column":74}},"9":{"start":{"line":14,"column":2},"end":{"line":14,"column":19}},"10":{"start":{"line":17,"column":0},"end":{"line":21,"column":3}},"11":{"start":{"line":18,"column":20},"end":{"line":18,"column":28}},"12":{"start":{"line":19,"column":2},"end":{"line":19,"column":74}},"13":{"start":{"line":19,"column":14},"end":{"line":19,"column":74}},"14":{"start":{"line":20,"column":2},"end":{"line":20,"column":44}},"15":{"start":{"line":23,"column":0},"end":{"line":23,"column":24}}},"fnMap":{"0":{"name":"(anonymous_0)","decl":{"start":{"line":7,"column":16},"end":{"line":7,"column":17}},"loc":{"start":{"line":7,"column":30},"end":{"line":9,"column":1}},"line":7},"1":{"name":"(anonymous_1)","decl":{"start":{"line":11,"column":19},"end":{"line":11,"column":20}},"loc":{"start":{"line":11,"column":33},"end":{"line":15,"column":1}},"line":11},"2":{"name":"(anonymous_2)","decl":{"start":{"line":17,"column":17},"end":{"line":17,"column":18}},"loc":{"start":{"line":17,"column":31},"end":{"line":21,"column":1}},"line":17}},"branchMap":{"0":{"loc":{"start":{"line":13,"column":2},"end":{"line":13,"column":74}},"type":"if","locations":[{"start":{"line":13,"column":2},"end":{"line":13,"column":74}},{"start":{},"end":{}}],"line":13},"1":{"loc":{"start":{"line":19,"column":2},"end":{"line":19,"column":74}},"type":"if","locations":[{"start":{"line":19,"column":2},"end":{"line":19,"column":74}},{"start":{},"end":{}}],"line":19}},"s":{"0":1,"1":1,"2":1,"3":1,"4":2,"5":1,"6":2,"7":2,"8":1,"9":1,"10":1,"11":2,"12":2,"13":1,"14":1,"15":1},"f":{"0":2,"1":2,"2":2},"b":{"0":[1,1],"1":[1,1]},"_coverageSchema":"1a1c01bbd47fc00a2c39e90264f33305004495a9","hash":"d583c10b7d7b76bf9a265db349dc0aaaa5903382","contentHash":"2d587959b2a85b861f41a8f7ed512bd1db8317b940dae0b6a3717966893461b9"},"D:\\TD_Backend_nodejs\\src\\data\\widgets.js":{"path":"D:\\TD_Backend_nodejs\\src\\data\\widgets.js","statementMap":{"0":{"start":{"line":3,"column":24},"end":{"line":7,"column":1}},"1":{"start":{"line":9,"column":14},"end":{"line":9,"column":52}},"2":{"start":{"line":9,"column":42},"end":{"line":9,"column":50}},"3":{"start":{"line":10,"column":13},"end":{"line":10,"column":14}},"4":{"start":{"line":13,"column":2},"end":{"line":13,"column":17}},"5":{"start":{"line":17,"column":2},"end":{"line":17,"column":42}},"6":{"start":{"line":17,"column":29},"end":{"line":17,"column":40}},"7":{"start":{"line":21,"column":17},"end":{"line":21,"column":40}},"8":{"start":{"line":22,"column":2},"end":{"line":22,"column":23}},"9":{"start":{"line":23,"column":2},"end":{"line":23,"column":16}},"10":{"start":{"line":27,"column":2},"end":{"line":27,"column":51}},"11":{"start":{"line":27,"column":40},"end":{"line":27,"column":48}},"12":{"start":{"line":28,"column":2},"end":{"line":28,"column":13}},"13":{"start":{"line":31,"column":0},"end":{"line":31,"column":72}}},"fnMap":{"0":{"name":"(anonymous_0)","decl":{"start":{"line":9,"column":34},"end":{"line":9,"column":35}},"loc":{"start":{"line":9,"column":42},"end":{"line":9,"column":50}},"line":9},"1":{"name":"listWidgets","decl":{"start":{"line":12,"column":9},"end":{"line":12,"column":20}},"loc":{"start":{"line":12,"column":23},"end":{"line":14,"column":1}},"line":12},"2":{"name":"getWidget","decl":{"start":{"line":16,"column":9},"end":{"line":16,"column":18}},"loc":{"start":{"line":16,"column":23},"end":{"line":18,"column":1}},"line":16},"3":{"name":"(anonymous_3)","decl":{"start":{"line":17,"column":22},"end":{"line":17,"column":23}},"loc":{"start":{"line":17,"column":29},"end":{"line":17,"column":40}},"line":17},"4":{"name":"createWidget","decl":{"start":{"line":20,"column":9},"end":{"line":20,"column":21}},"loc":{"start":{"line":20,"column":29},"end":{"line":24,"column":1}},"line":20},"5":{"name":"resetWidgets","decl":{"start":{"line":26,"column":9},"end":{"line":26,"column":21}},"loc":{"start":{"line":26,"column":24},"end":{"line":29,"column":1}},"line":26},"6":{"name":"(anonymous_6)","decl":{"start":{"line":27,"column":32},"end":{"line":27,"column":33}},"loc":{"start":{"line":27,"column":40},"end":{"line":27,"column":48}},"line":27}},"branchMap":{},"s":{"0":1,"1":1,"2":3,"3":1,"4":2,"5":2,"6":5,"7":1,"8":1,"9":1,"10":5,"11":15,"12":5,"13":1},"f":{"0":3,"1":2,"2":2,"3":5,"4":1,"5":5,"6":15},"b":{},"_coverageSchema":"1a1c01bbd47fc00a2c39e90264f33305004495a9","hash":"371ad29f75b5741d99ded44bec84b711e7384cb9","contentHash":"0df9d9d73a58b7c2d1f6861a7e005b7cfbd9b20ee01b65e8c21807b0cca5b392"},"D:\\TD_Backend_nodejs\\src\\routes\\remotes.js":{"path":"D:\\TD_Backend_nodejs\\src\\routes\\remotes.js","statementMap":{"0":{"start":{"line":2,"column":16},"end":{"line":2,"column":34}},"1":{"start":{"line":3,"column":15},"end":{"line":3,"column":31}},"2":{"start":{"line":9,"column":0},"end":{"line":15,"column":3}},"3":{"start":{"line":10,"column":2},"end":{"line":14,"column":5}},"4":{"start":{"line":17,"column":0},"end":{"line":17,"column":24}}},"fnMap":{"0":{"name":"(anonymous_0)","decl":{"start":{"line":9,"column":16},"end":{"line":9,"column":17}},"loc":{"start":{"line":9,"column":30},"end":{"line":15,"column":1}},"line":9}},"branchMap":{},"s":{"0":1,"1":1,"2":1,"3":1,"4":1},"f":{"0":1},"b":{},"_coverageSchema":"1a1c01bbd47fc00a2c39e90264f33305004495a9","hash":"3186b48bf93e2080ff471ce82dd05ba07fd0f01a","contentHash":"f57d2c6e5f30e23051e5a468abda0f0d21581bd73198750a8eb969e0f48b568e"}}